✅ Server berjalan di http://localhost:3000
Connection update: { connection: 'connecting', qr: false, lastDisconnect: undefined }
🔄 WhatsApp connecting...
{"level":30,"time":"2025-08-28T06:26:37.033Z","pid":27400,"hostname":"ensteinrays-mac.local","class":"baileys","browser":["Windows","Chrome","112.0.0.0"],"helloMsg":{"clientHello":{"ephemeral":"WZU7/iSxd74SrY2LdJHNA+zBzqESKH5s63cd6kzVcR8="}},"msg":"connected to WA"}
{"level":30,"time":"2025-08-28T06:26:37.410Z","pid":27400,"hostname":"ensteinrays-mac.local","class":"baileys","node":{"passive":false,"userAgent":{"platform":"WEB","appVersion":{"primary":2,"secondary":3000,"tertiary":1023223821},"mcc":"000","mnc":"000","osVersion":"0.1","device":"Desktop","osBuildNumber":"0.1","releaseChannel":"RELEASE","localeLanguageIso6391":"en","localeCountryIso31661Alpha2":"US"},"webInfo":{"webSubPlatform":"WEB_BROWSER"},"connectType":"WIFI_UNKNOWN","connectReason":"USER_ACTIVATED","devicePairingData":{"eRegid":"AAAAag==","eKeytype":"BQ==","eIdent":"m6BVShlUwZkJll5W/xcnGI1IvAcNYSnoBHt6W3lUh1g=","eSkeyId":"AAAB","eSkeyVal":"SAFN6es9ab5SNJA7YNONC2FsJQwJb317G1VtG/xdeGg=","eSkeySig":"SRelHdTECwwrY2cBgWCwa3B7sFOVdy46sIkM50shjV5rlGDv9wKvLrsx9ZBSqOkzaSYc+2b5JEA/wcrD5GIthQ==","buildHash":"c9lQeUMlTdrMrIi/+YcPiA==","deviceProps":"CgdXaW5kb3dzGAEgAA=="},"pull":false},"msg":"not logged in, attempting registration..."}
Connection update: { connection: undefined, qr: true, lastDisconnect: undefined }
✅ QR Code generated successfully
▄▄▄▄▄▄▄▄▄▄▄▄▄▄▄▄▄▄▄▄▄▄▄▄▄▄▄▄▄▄▄▄▄▄▄▄▄▄▄▄▄▄▄▄▄▄▄▄▄▄▄▄▄▄▄▄▄▄▄
█ ▄▄▄▄▄ █ ▄▄ ▄▄▀ ▀▀ █ ▄ ▀▄▀   ▄▄██▀▀▀ ▀▄█    ▀▀▄ ██ ▄▄▄▄▄ █
█ █   █ █ ▀▀█ ▀██▀██▄██▀▄█▀█▄ ▄▀▄▄▀█▄█▄▄█▀ ▄ █ ▄ ██ █   █ █
█ █▄▄▄█ █▀ ▀▄▀▄▀▀██▄▀█▀▀▀   ▄▄▄ ▀▀▄██▀▀▄▄█▄▄▄▀▄▀▄██ █▄▄▄█ █
█▄▄▄▄▄▄▄█▄█ █▄▀ ▀ █ ▀ ▀ ▀▄█ █▄█ ▀▄█▄█ █ █▄█▄▀▄█▄█ █▄▄▄▄▄▄▄█
█▄ ██▄ ▄▀▀██▄█▀▄▄▄▄▄▄  █▀▀█ ▄   ▄ ▄█▀ █ ▀█▀ ▀▄ ▄▀ █▀▄▀▄ ▄ █
█▄   ▄█▄▄▀█▀█▄▄  ▀▄█▀▀▀█▀▄ ▄▄█▄▀█▀  ▀▀▄ ▀▄▄▄█▀ ▄▄██▄█▄▄▄▄██
█▄  ▀▄ ▄ ▄█▄▄ ▀▀▀▄▀ ▀▀▄▄█▀▀▀▄█▀██ █▄ ▄█ ▄▀ ▀█▄▀█ ▀▄  █▀ ▀ █
██▄▀▀▀█▄▀████▀▄▀▀▄▄▄▀▀▄▀▄█ █   ██▀▀█▄▀█▄▄█▄█▀█▀█ ▄▄██▀▀█▄▀█
██▄▀▄▀ ▄▀ ▄ ▄▀▀▄▀▄ ▄▄▀ ▀    ▄ ▀▀█▄██ ▄▀▀ █▀▀▀ ▀▄▀ ▄▀▄▀ ██▄█
█▀▀▄▀▄█▄ ▄ █▀ ▀█▀██   ██ ▄▀▄▀█ ▄▀▄█▀██▀   █▀▀█▄█▄▀█▄▄ ▄█▄▀█
██▀ █ ▀▄▀▄▄▄▀█▄ ▀▀ ▄▀  █▀▄▄▄▄▀ ▀█  ▄    ▄█▀ █ ▀█▄▀▀▀ █  ▄▄█
███▄▄▄█▄▄ ▄██▄▀█▄███▄██ ▄ ▀ ▀▀█ ██▄▄██▄▄▄█▀██ ▄▀▀▄█▄▀ █▄▀██
█ ▀▀ █ ▄▀ ▀ ▄▀▄▄▀█▄  ▀▄▀▄▀▄ ▄█▀▀▀█▀  ▄▄ ▀▀ ▀▀▄▀▄▄▀█▀ ██ ███
█▀██▀ ▄▄▄   ▄█▄▀▄ ▀  ▀▄ █▄█ ▄▄▄ ▄▄  ▀▀█▄ ▀█▄▀▄ █▀ ▄▄▄ ▄█▀▀█
██ ██ █▄█ ▀▀▀█▀█▄▄▄▀▄▀▀█▀▀▄ █▄█ ▀▄ ▄▄ ▀▀ ▀▀ ▀▄▀██ █▄█ ▄ ▄▀█
██▀▀ ▄ ▄▄▄ █▄▀███▀  █▄ ▀█ ▄   ▄▄▄▀██▄   ▄█▄▄ ▀▀█▀   ▄ ▀▄▄▀█
███▀▀▄ ▄██▄▄▀██ ▀█ ▄▄ ▀▀▀▀▀  ▄▀ █ ▄█  ▀▀ █▄▀▄▄▄█▀█▄▄▀▄▄█  █
█▀█▄███▄ ▄▄ ▄▄█ ▀ ▄▄▄▀▀  ▄  ▄▄▄███ ██▀ ▄█▄█▄▄ ██ ▀▄█▄▀▄▄▄██
██▄▀███▄█▀█ ▀▄ ▀▄█▀▄▄▄▄█▄   ▄█ ▄█▄▄█  █ ▀▀  █▄▄█▀█▄▄▀▄▄█ ██
█▄▄▄▀ █▄█▀▀▀█▄▀█▀ ▄▄▀  ▀▀█▄ ▀ ▀▀▀█▀▀▀ ▄█▀█▀▄▀▀▀█▄ ▀▀ ▄▄▄▄▄█
███▄▄ █▄█ ▄▄▀▄ ▀▀▄▀▄▀▀▀▀   ▄▀▄  ▄ ▄█  ▄▀▀█▀▀▀ ▄█▀███ ▄█   █
█▄  ▄▄█▄█ ▄ ▄▄█▄█▀▄█ ▄▀█▄▄█▀▀▀██▀▀▀▄█ ▀▄ ██▀▀▄▀▀  ▄▀ ▀▄█ ▀█
█▀▄█▀ ▄▄█ ▀▄█▄▄▀ ▄▀ █▀▄▄▀  ▄▄▄▀▀█ ▀█ ▄▄▀▄▀  ▀▄▀█▀▀ █ █  ▀ █
█ ▀ ▀▀▄▄ ▀▄▄▀█▄▄▄  ██▄▀ ▀██ ▀ ███ ▄▄▀ █▀ ▀ ▀█▀ ▀▄▀ ▀▄▀ ▄ ▀█
███████▄▄  ▄█▄▀▄▀▄▀▄▄▀ █    ▄▄▄ ▀ ▀█  ▄ ▄█▄  ▄▀▄▀ ▄▄▄ ▄▀▄▄█
█ ▄▄▄▄▄ █▀▀█▄▄ ▄  ▄▀▄▄ ▄ ▄▄ █▄█ █▄ ▀ ▄ ▄▀▄█▄  ▄▀▄ █▄█ ▀▄███
█ █   █ █▄█▄█ █▀▀▀ ▄▀ ▄▀▀▄█ ▄▄ ▄█▄ █▄▄▀▀▄▀ ▀▀▄▀▄█ ▄    █▀ █
█ █▄▄▄█ █▀▀█ ▄▀▀▄█ ▄▄█▄ ▄ ▄█▀ ▄ ▄▄▄▄▀ ▀ █ ▀▀▀▄▄ ██ ██▄█▄███
█▄▄▄▄▄▄▄█▄▄▄▄██▄▄▄▄▄▄█▄█▄█▄▄█▄█▄███▄▄▄▄█▄██▄█▄▄████▄▄█▄██▄█

